2025.07.30 06:24:54 INFO  Started: Metals version 1.6.0 in folders '/Users/ayaz/Library/CloudStorage/OneDrive-Personal/Desktop/odmin-projects/scala-coursera/shopping-basket' for client Visual Studio Code 1.102.3.
2025.07.30 06:24:54 INFO  no build target found for /Users/ayaz/Library/CloudStorage/OneDrive-Personal/Desktop/odmin-projects/scala-coursera/shopping-basket/src/main/scala/com/adthena/basket/config/ConfigLoader.scala. Using presentation compiler with project's scala-library version: 3.3.6
2025.07.30 06:24:55 INFO  no build target found for /Users/ayaz/Library/CloudStorage/OneDrive-Personal/Desktop/odmin-projects/scala-coursera/shopping-basket/src/main/scala/com/adthena/basket/config/ConfigLoader.scala. Using presentation compiler with project's scala-library version: 3.3.6
2025.07.30 06:24:58 INFO  running '/Users/ayaz/Library/Application Support/Coursier/bin/sbt -Dbloop.export-jar-classifiers=sources bloopInstall'
2025.07.30 06:24:58 ERROR [info] [launcher] getting org.scala-sbt sbt 1.11.3  (this may take some time)...
2025.07.30 06:24:58 INFO  no build target found for /Users/ayaz/Library/CloudStorage/OneDrive-Personal/Desktop/odmin-projects/scala-coursera/shopping-basket/project/metals.sbt. Using presentation compiler with project's scala-library version: 3.3.6
2025.07.30 06:24:58 WARN  no build target for: /Users/ayaz/Library/CloudStorage/OneDrive-Personal/Desktop/odmin-projects/scala-coursera/shopping-basket/project/metals.sbt
2025.07.30 06:24:58 WARN  no build target for: /Users/ayaz/Library/CloudStorage/OneDrive-Personal/Desktop/odmin-projects/scala-coursera/shopping-basket/project/project/metals.sbt
2025.07.30 06:24:58 INFO  no build target found for /Users/ayaz/Library/CloudStorage/OneDrive-Personal/Desktop/odmin-projects/scala-coursera/shopping-basket/src/main/scala/com/adthena/basket/config/ConfigLoader.scala. Using presentation compiler with project's scala-library version: 3.3.6
2025.07.30 06:24:58 INFO  no build target found for /Users/ayaz/Library/CloudStorage/OneDrive-Personal/Desktop/odmin-projects/scala-coursera/shopping-basket/project/project/metals.sbt. Using presentation compiler with project's scala-library version: 3.3.6
2025.07.30 06:25:08 ERROR [info] [launcher] getting Scala 2.12.20 (for sbt)...
2025.07.30 06:25:09 INFO  [info] Updated file /Users/ayaz/Library/CloudStorage/OneDrive-Personal/Desktop/odmin-projects/scala-coursera/shopping-basket/project/build.properties: set sbt.version to 1.11.3
2025.07.30 06:25:09 INFO  [info] welcome to sbt 1.11.3 (Homebrew Java 11.0.26)
2025.07.30 06:25:09 INFO  no build target found for /Users/ayaz/Library/CloudStorage/OneDrive-Personal/Desktop/odmin-projects/scala-coursera/shopping-basket/src/main/scala/com/adthena/basket/config/ConfigLoader.scala. Using presentation compiler with project's scala-library version: 3.3.6
2025.07.30 06:25:09 INFO  [info] loading settings for project shopping-basket-build-build from metals.sbt...
2025.07.30 06:25:10 INFO  [info] loading project definition from /Users/ayaz/Library/CloudStorage/OneDrive-Personal/Desktop/odmin-projects/scala-coursera/shopping-basket/project/project
2025.07.30 06:25:10 INFO  [info] loading settings for project shopping-basket-build from metals.sbt...
2025.07.30 06:25:10 INFO  [info] loading project definition from /Users/ayaz/Library/CloudStorage/OneDrive-Personal/Desktop/odmin-projects/scala-coursera/shopping-basket/project
2025.07.30 06:25:18 INFO  [success] Generated .bloop/shopping-basket-build.json
2025.07.30 06:25:18 INFO  [success] Total time: 7 s, completed Jul 30, 2025, 6:25:18 AM
2025.07.30 06:25:18 INFO  [info] loading settings for project shopping-basket from build.sbt...
2025.07.30 06:25:18 INFO  [info] set current project to shopping-basket (in build file:/Users/ayaz/Library/CloudStorage/OneDrive-Personal/Desktop/odmin-projects/scala-coursera/shopping-basket/)
2025.07.30 06:25:18 INFO  [success] Generated .bloop/shopping-basket-test.json
2025.07.30 06:25:18 INFO  [success] Generated .bloop/shopping-basket.json
2025.07.30 06:25:18 INFO  [success] Total time: 0 s, completed Jul 30, 2025, 6:25:18 AM
2025.07.30 06:25:18 INFO  time: ran 'sbt bloopInstall' in 20s
2025.07.30 06:25:18 INFO  Attempting to connect to the build server...
2025.07.30 06:25:18 INFO  No running Bloop server found, starting one.
2025.07.30 06:25:19 INFO  Starting compilation server
2025.07.30 06:25:18 INFO  tracing is disabled for protocol BSP, to enable tracing of incoming and outgoing JSON messages create an empty file at /Users/ayaz/Library/CloudStorage/OneDrive-Personal/Desktop/odmin-projects/scala-coursera/shopping-basket/.metals/bsp.trace.json or /Users/ayaz/Library/Caches/org.scalameta.metals/bsp.trace.json
2025.07.30 06:25:29 INFO  Attempting to connect to the build server...
2025.07.30 06:25:29 INFO  Found a Bloop server running
2025.07.30 06:25:29 INFO  tracing is disabled for protocol BSP, to enable tracing of incoming and outgoing JSON messages create an empty file at /Users/ayaz/Library/CloudStorage/OneDrive-Personal/Desktop/odmin-projects/scala-coursera/shopping-basket/project/.metals/bsp.trace.json or /Users/ayaz/Library/Caches/org.scalameta.metals/bsp.trace.json
2025.07.30 06:25:29 INFO  time: Connected to build server in 10s
2025.07.30 06:25:29 INFO  Connected to Build server: Bloop v2.0.10
2025.07.30 06:25:35 INFO  time: indexed workspace in 5.96s
2025.07.30 06:25:35 INFO  compiling shopping-basket (11 scala sources)
2025.07.30 06:25:35 INFO  Non-compiled module 'compiler-bridge_2.12' for Scala 2.12.20. Compiling...
2025.07.30 06:25:38 INFO  Compilation completed in 3.096s.
2025.07.30 06:25:38 INFO  time: compiled shopping-basket in 3.81s
2025.07.30 06:25:58 INFO  Created report: Optional[file:///Users/ayaz/Library/CloudStorage/OneDrive-Personal/Desktop/odmin-projects/scala-coursera/shopping-basket/src/main/scala/com/adthena/basket/config/ConfigLoader.scala]
2025.07.30 06:25:58 INFO  Created report: Optional[file:///Users/ayaz/Library/CloudStorage/OneDrive-Personal/Desktop/odmin-projects/scala-coursera/shopping-basket/src/main/scala/com/adthena/basket/config/ConfigLoader.scala]
2025.07.30 06:25:58 INFO  empty definition using pc, found symbol in pc:  (full report at: "/Users/ayaz/Library/CloudStorage/OneDrive-Personal/Desktop/odmin-projects/scala-coursera/shopping-basket/.metals/.reports/metals-full/2025-07-30/r_empty-definition_(shopping-basket)_06-25-58-712.md")
2025.07.30 06:25:58 INFO  empty definition using pc, found symbol in pc:  (full report at: "/Users/ayaz/Library/CloudStorage/OneDrive-Personal/Desktop/odmin-projects/scala-coursera/shopping-basket/.metals/.reports/metals-full/2025-07-30/r_empty-definition_(shopping-basket)_06-25-58-712.md")
2025.07.30 06:25:58 INFO  Created report: Optional[file:///Users/ayaz/Library/CloudStorage/OneDrive-Personal/Desktop/odmin-projects/scala-coursera/shopping-basket/src/main/scala/com/adthena/basket/config/ConfigLoader.scala]
2025.07.30 06:25:58 INFO  empty definition using pc, found symbol in pc:  (full report at: "/Users/ayaz/Library/CloudStorage/OneDrive-Personal/Desktop/odmin-projects/scala-coursera/shopping-basket/.metals/.reports/metals-full/2025-07-30/r_empty-definition_(shopping-basket)_06-25-58-757.md")
2025.07.30 06:25:58 INFO  Created report: Optional[file:///Users/ayaz/Library/CloudStorage/OneDrive-Personal/Desktop/odmin-projects/scala-coursera/shopping-basket/src/main/scala/com/adthena/basket/config/ConfigLoader.scala]
2025.07.30 06:25:58 INFO  empty definition using pc, found symbol in pc:  (full report at: "/Users/ayaz/Library/CloudStorage/OneDrive-Personal/Desktop/odmin-projects/scala-coursera/shopping-basket/.metals/.reports/metals-full/2025-07-30/r_empty-definition_(shopping-basket)_06-25-58-870.md")
2025.07.30 06:25:58 INFO  Created report: Optional[file:///Users/ayaz/Library/CloudStorage/OneDrive-Personal/Desktop/odmin-projects/scala-coursera/shopping-basket/src/main/scala/com/adthena/basket/config/ConfigLoader.scala]
2025.07.30 06:25:58 INFO  empty definition using pc, found symbol in pc:  (full report at: "/Users/ayaz/Library/CloudStorage/OneDrive-Personal/Desktop/odmin-projects/scala-coursera/shopping-basket/.metals/.reports/metals-full/2025-07-30/r_empty-definition_(shopping-basket)_06-25-58-903.md")
2025.07.30 06:25:58 INFO  Created report: Optional[file:///Users/ayaz/Library/CloudStorage/OneDrive-Personal/Desktop/odmin-projects/scala-coursera/shopping-basket/src/main/scala/com/adthena/basket/config/ConfigLoader.scala]
2025.07.30 06:25:58 INFO  empty definition using pc, found symbol in pc:  (full report at: "/Users/ayaz/Library/CloudStorage/OneDrive-Personal/Desktop/odmin-projects/scala-coursera/shopping-basket/.metals/.reports/metals-full/2025-07-30/r_empty-definition_(shopping-basket)_06-25-58-951.md")
2025.07.30 06:25:58 INFO  Created report: Optional[file:///Users/ayaz/Library/CloudStorage/OneDrive-Personal/Desktop/odmin-projects/scala-coursera/shopping-basket/src/main/scala/com/adthena/basket/config/ConfigLoader.scala]
2025.07.30 06:25:58 INFO  empty definition using pc, found symbol in pc:  (full report at: "/Users/ayaz/Library/CloudStorage/OneDrive-Personal/Desktop/odmin-projects/scala-coursera/shopping-basket/.metals/.reports/metals-full/2025-07-30/r_empty-definition_(shopping-basket)_06-25-58-969.md")
2025.07.30 06:25:58 INFO  Created report: Optional[file:///Users/ayaz/Library/CloudStorage/OneDrive-Personal/Desktop/odmin-projects/scala-coursera/shopping-basket/src/main/scala/com/adthena/basket/config/ConfigLoader.scala]
2025.07.30 06:25:58 INFO  empty definition using pc, found symbol in pc:  (full report at: "/Users/ayaz/Library/CloudStorage/OneDrive-Personal/Desktop/odmin-projects/scala-coursera/shopping-basket/.metals/.reports/metals-full/2025-07-30/r_empty-definition_(shopping-basket)_06-25-59-102.md")
2025.07.30 06:29:06 INFO  Created report: Optional[file:///Users/ayaz/Library/CloudStorage/OneDrive-Personal/Desktop/odmin-projects/scala-coursera/shopping-basket/src/main/scala/com/adthena/basket/config/ConfigLoader.scala]
2025.07.30 06:29:06 INFO  empty definition using pc, found symbol in pc:  (full report at: "/Users/ayaz/Library/CloudStorage/OneDrive-Personal/Desktop/odmin-projects/scala-coursera/shopping-basket/.metals/.reports/metals-full/2025-07-30/r_empty-definition_(shopping-basket)_06-29-06-803.md")
2025.07.30 06:29:06 INFO  Created report: Optional[file:///Users/ayaz/Library/CloudStorage/OneDrive-Personal/Desktop/odmin-projects/scala-coursera/shopping-basket/src/main/scala/com/adthena/basket/config/ConfigLoader.scala]
2025.07.30 06:29:06 INFO  empty definition using pc, found symbol in pc:  (full report at: "/Users/ayaz/Library/CloudStorage/OneDrive-Personal/Desktop/odmin-projects/scala-coursera/shopping-basket/.metals/.reports/metals-full/2025-07-30/r_empty-definition_(shopping-basket)_06-29-06-876.md")
2025.07.30 06:29:06 INFO  Created report: Optional[file:///Users/ayaz/Library/CloudStorage/OneDrive-Personal/Desktop/odmin-projects/scala-coursera/shopping-basket/src/main/scala/com/adthena/basket/config/ConfigLoader.scala]
2025.07.30 06:29:06 INFO  empty definition using pc, found symbol in pc:  (full report at: "/Users/ayaz/Library/CloudStorage/OneDrive-Personal/Desktop/odmin-projects/scala-coursera/shopping-basket/.metals/.reports/metals-full/2025-07-30/r_empty-definition_(shopping-basket)_06-29-06-894.md")
2025.07.30 06:29:06 INFO  Created report: Optional[file:///Users/ayaz/Library/CloudStorage/OneDrive-Personal/Desktop/odmin-projects/scala-coursera/shopping-basket/src/main/scala/com/adthena/basket/config/ConfigLoader.scala]
2025.07.30 06:29:06 INFO  empty definition using pc, found symbol in pc:  (full report at: "/Users/ayaz/Library/CloudStorage/OneDrive-Personal/Desktop/odmin-projects/scala-coursera/shopping-basket/.metals/.reports/metals-full/2025-07-30/r_empty-definition_(shopping-basket)_06-29-06-912.md")
2025.07.30 06:29:06 INFO  Created report: Optional[file:///Users/ayaz/Library/CloudStorage/OneDrive-Personal/Desktop/odmin-projects/scala-coursera/shopping-basket/src/main/scala/com/adthena/basket/config/ConfigLoader.scala]
2025.07.30 06:29:06 INFO  empty definition using pc, found symbol in pc:  (full report at: "/Users/ayaz/Library/CloudStorage/OneDrive-Personal/Desktop/odmin-projects/scala-coursera/shopping-basket/.metals/.reports/metals-full/2025-07-30/r_empty-definition_(shopping-basket)_06-29-06-961.md")
2025.07.30 06:29:21 INFO  Created report: Optional[file:///Users/ayaz/Library/CloudStorage/OneDrive-Personal/Desktop/odmin-projects/scala-coursera/shopping-basket/src/main/scala/com/adthena/basket/config/ConfigLoader.scala]
2025.07.30 06:29:21 INFO  empty definition using pc, found symbol in pc:  (full report at: "/Users/ayaz/Library/CloudStorage/OneDrive-Personal/Desktop/odmin-projects/scala-coursera/shopping-basket/.metals/.reports/metals-full/2025-07-30/r_empty-definition_(shopping-basket)_06-29-21-800.md")
2025.07.30 06:29:21 INFO  Created report: Optional[file:///Users/ayaz/Library/CloudStorage/OneDrive-Personal/Desktop/odmin-projects/scala-coursera/shopping-basket/src/main/scala/com/adthena/basket/config/ConfigLoader.scala]
2025.07.30 06:29:21 INFO  empty definition using pc, found symbol in pc:  (full report at: "/Users/ayaz/Library/CloudStorage/OneDrive-Personal/Desktop/odmin-projects/scala-coursera/shopping-basket/.metals/.reports/metals-full/2025-07-30/r_empty-definition_(shopping-basket)_06-29-21-877.md")
2025.07.30 06:29:21 INFO  Created report: Optional[file:///Users/ayaz/Library/CloudStorage/OneDrive-Personal/Desktop/odmin-projects/scala-coursera/shopping-basket/src/main/scala/com/adthena/basket/config/ConfigLoader.scala]
2025.07.30 06:29:21 INFO  empty definition using pc, found symbol in pc:  (full report at: "/Users/ayaz/Library/CloudStorage/OneDrive-Personal/Desktop/odmin-projects/scala-coursera/shopping-basket/.metals/.reports/metals-full/2025-07-30/r_empty-definition_(shopping-basket)_06-29-21-927.md")
2025.07.30 06:29:21 INFO  Created report: Optional[file:///Users/ayaz/Library/CloudStorage/OneDrive-Personal/Desktop/odmin-projects/scala-coursera/shopping-basket/src/main/scala/com/adthena/basket/config/ConfigLoader.scala]
2025.07.30 06:29:21 INFO  empty definition using pc, found symbol in pc:  (full report at: "/Users/ayaz/Library/CloudStorage/OneDrive-Personal/Desktop/odmin-projects/scala-coursera/shopping-basket/.metals/.reports/metals-full/2025-07-30/r_empty-definition_(shopping-basket)_06-29-22-083.md")
2025.07.30 06:34:47 INFO  Created report: Optional[file:///Users/ayaz/Library/CloudStorage/OneDrive-Personal/Desktop/odmin-projects/scala-coursera/shopping-basket/src/main/scala/com/adthena/basket/config/ConfigLoader.scala]
2025.07.30 06:34:47 INFO  empty definition using pc, found symbol in pc:  (full report at: "/Users/ayaz/Library/CloudStorage/OneDrive-Personal/Desktop/odmin-projects/scala-coursera/shopping-basket/.metals/.reports/metals-full/2025-07-30/r_empty-definition_(shopping-basket)_06-34-47-423.md")
2025.07.30 06:35:36 INFO  Created report: Optional[file:///Users/ayaz/Library/CloudStorage/OneDrive-Personal/Desktop/odmin-projects/scala-coursera/shopping-basket/src/main/scala/com/adthena/basket/config/ConfigLoader.scala]
2025.07.30 06:35:36 INFO  empty definition using pc, found symbol in pc:  (full report at: "/Users/ayaz/Library/CloudStorage/OneDrive-Personal/Desktop/odmin-projects/scala-coursera/shopping-basket/.metals/.reports/metals-full/2025-07-30/r_empty-definition_(shopping-basket)_06-35-36-232.md")
2025.07.30 06:35:36 INFO  Created report: Optional[file:///Users/ayaz/Library/CloudStorage/OneDrive-Personal/Desktop/odmin-projects/scala-coursera/shopping-basket/src/main/scala/com/adthena/basket/config/ConfigLoader.scala]
2025.07.30 06:35:36 INFO  Created report: Optional[file:///Users/ayaz/Library/CloudStorage/OneDrive-Personal/Desktop/odmin-projects/scala-coursera/shopping-basket/src/main/scala/com/adthena/basket/config/ConfigLoader.scala]
2025.07.30 06:35:36 INFO  empty definition using pc, found symbol in pc:  (full report at: "/Users/ayaz/Library/CloudStorage/OneDrive-Personal/Desktop/odmin-projects/scala-coursera/shopping-basket/.metals/.reports/metals-full/2025-07-30/r_empty-definition_(shopping-basket)_06-35-36-426.md")
2025.07.30 06:35:36 INFO  empty definition using pc, found symbol in pc:  (full report at: "/Users/ayaz/Library/CloudStorage/OneDrive-Personal/Desktop/odmin-projects/scala-coursera/shopping-basket/.metals/.reports/metals-full/2025-07-30/r_empty-definition_(shopping-basket)_06-35-36-426.md")
2025.07.30 06:35:36 INFO  Created report: Optional[file:///Users/ayaz/Library/CloudStorage/OneDrive-Personal/Desktop/odmin-projects/scala-coursera/shopping-basket/src/main/scala/com/adthena/basket/config/ConfigLoader.scala]
2025.07.30 06:35:36 INFO  empty definition using pc, found symbol in pc:  (full report at: "/Users/ayaz/Library/CloudStorage/OneDrive-Personal/Desktop/odmin-projects/scala-coursera/shopping-basket/.metals/.reports/metals-full/2025-07-30/r_empty-definition_(shopping-basket)_06-35-36-441.md")
2025.07.30 06:35:36 INFO  Created report: Optional[file:///Users/ayaz/Library/CloudStorage/OneDrive-Personal/Desktop/odmin-projects/scala-coursera/shopping-basket/src/main/scala/com/adthena/basket/config/ConfigLoader.scala]
2025.07.30 06:35:36 INFO  empty definition using pc, found symbol in pc:  (full report at: "/Users/ayaz/Library/CloudStorage/OneDrive-Personal/Desktop/odmin-projects/scala-coursera/shopping-basket/.metals/.reports/metals-full/2025-07-30/r_empty-definition_(shopping-basket)_06-35-36-458.md")
2025.07.30 06:35:36 INFO  Created report: Optional[file:///Users/ayaz/Library/CloudStorage/OneDrive-Personal/Desktop/odmin-projects/scala-coursera/shopping-basket/src/main/scala/com/adthena/basket/config/ConfigLoader.scala]
2025.07.30 06:35:36 INFO  empty definition using pc, found symbol in pc:  (full report at: "/Users/ayaz/Library/CloudStorage/OneDrive-Personal/Desktop/odmin-projects/scala-coursera/shopping-basket/.metals/.reports/metals-full/2025-07-30/r_empty-definition_(shopping-basket)_06-35-36-491.md")
2025.07.30 06:35:36 INFO  Created report: Optional[file:///Users/ayaz/Library/CloudStorage/OneDrive-Personal/Desktop/odmin-projects/scala-coursera/shopping-basket/src/main/scala/com/adthena/basket/config/ConfigLoader.scala]
2025.07.30 06:35:36 INFO  empty definition using pc, found symbol in pc:  (full report at: "/Users/ayaz/Library/CloudStorage/OneDrive-Personal/Desktop/odmin-projects/scala-coursera/shopping-basket/.metals/.reports/metals-full/2025-07-30/r_empty-definition_(shopping-basket)_06-35-36-541.md")
2025.07.30 06:43:11 INFO  compiling shopping-basket (11 scala sources)
2025.07.30 06:43:11 INFO  time: compiled shopping-basket in 81ms
2025.07.30 06:43:40 INFO  running '/Users/ayaz/Library/Application Support/Coursier/bin/sbt -Dbloop.export-jar-classifiers=sources bloopInstall'
2025.07.30 06:43:40 INFO  [info] welcome to sbt 1.11.3 (Homebrew Java 11.0.26)
2025.07.30 06:43:40 INFO  [info] loading settings for project shopping-basket-build-build from metals.sbt...
2025.07.30 06:43:40 INFO  [info] loading project definition from /Users/ayaz/Library/CloudStorage/OneDrive-Personal/Desktop/odmin-projects/scala-coursera/shopping-basket/project/project
2025.07.30 06:43:40 INFO  [info] loading settings for project shopping-basket-build from metals.sbt...
2025.07.30 06:43:40 INFO  [info] loading project definition from /Users/ayaz/Library/CloudStorage/OneDrive-Personal/Desktop/odmin-projects/scala-coursera/shopping-basket/project
2025.07.30 06:43:42 INFO  [success] Generated .bloop/shopping-basket-build.json
2025.07.30 06:43:42 INFO  [success] Total time: 1 s, completed Jul 30, 2025, 6:43:42 AM
2025.07.30 06:43:43 INFO  [info] loading settings for project root from build.sbt...
2025.07.30 06:43:43 INFO  [info] set current project to shopping-basket (in build file:/Users/ayaz/Library/CloudStorage/OneDrive-Personal/Desktop/odmin-projects/scala-coursera/shopping-basket/)
2025.07.30 06:43:57 INFO  Created report: Optional[file:///Users/ayaz/Library/CloudStorage/OneDrive-Personal/Desktop/odmin-projects/scala-coursera/shopping-basket/src/main/scala/com/adthena/basket/config/ConfigLoader.scala]
2025.07.30 06:43:57 INFO  empty definition using pc, found symbol in pc:  (full report at: "/Users/ayaz/Library/CloudStorage/OneDrive-Personal/Desktop/odmin-projects/scala-coursera/shopping-basket/.metals/.reports/metals-full/2025-07-30/r_empty-definition_(shopping-basket)_06-43-57-566.md")
2025.07.30 06:43:57 INFO  compiling shopping-basket (11 scala sources)
2025.07.30 06:43:57 INFO  time: compiled shopping-basket in 75ms
2025.07.30 06:44:03 INFO  [success] Generated .bloop/root-test.json
2025.07.30 06:44:03 INFO  [success] Generated .bloop/root.json
2025.07.30 06:44:03 INFO  [warn] Removed stale /Users/ayaz/Library/CloudStorage/OneDrive-Personal/Desktop/odmin-projects/scala-coursera/shopping-basket/.bloop/shopping-basket.json
2025.07.30 06:44:03 INFO  [warn] Removed stale /Users/ayaz/Library/CloudStorage/OneDrive-Personal/Desktop/odmin-projects/scala-coursera/shopping-basket/.bloop/shopping-basket-test.json
2025.07.30 06:44:03 INFO  [success] Total time: 20 s, completed Jul 30, 2025, 6:44:03 AM
2025.07.30 06:44:03 INFO  time: ran 'sbt bloopInstall' in 23s
2025.07.30 06:44:03 INFO  Disconnecting from Bloop session...
2025.07.30 06:44:03 INFO  Shut down connection with build server.
2025.07.30 06:44:03 INFO  Shut down connection with build server.
2025.07.30 06:44:03 INFO  Attempting to connect to the build server...
2025.07.30 06:44:03 INFO  Found a Bloop server running
2025.07.30 06:44:03 INFO  tracing is disabled for protocol BSP, to enable tracing of incoming and outgoing JSON messages create an empty file at /Users/ayaz/Library/CloudStorage/OneDrive-Personal/Desktop/odmin-projects/scala-coursera/shopping-basket/.metals/bsp.trace.json or /Users/ayaz/Library/Caches/org.scalameta.metals/bsp.trace.json
2025.07.30 06:44:03 INFO  Attempting to connect to the build server...
2025.07.30 06:44:03 INFO  Found a Bloop server running
2025.07.30 06:44:03 INFO  tracing is disabled for protocol BSP, to enable tracing of incoming and outgoing JSON messages create an empty file at /Users/ayaz/Library/CloudStorage/OneDrive-Personal/Desktop/odmin-projects/scala-coursera/shopping-basket/project/.metals/bsp.trace.json or /Users/ayaz/Library/Caches/org.scalameta.metals/bsp.trace.json
2025.07.30 06:44:03 INFO  time: Connected to build server in 0.22s
2025.07.30 06:44:03 INFO  Connected to Build server: Bloop v2.0.10
2025.07.30 06:44:03 WARN  3.3.1 is no longer supported in the current Metals versions, using the last known supported version 1.5.1
2025.07.30 06:44:20 INFO  time: indexed workspace in 16s
2025.07.30 06:44:20 INFO  compiling root (11 scala sources)
2025.07.30 06:44:21 INFO  time: compiled root in 1.23s
2025.07.30 06:45:23 WARN  Could not find semantic tokens for: file:///Users/ayaz/Library/CloudStorage/OneDrive-Personal/Desktop/odmin-projects/scala-coursera/shopping-basket/src/main/scala/com/adthena/basket/service/OfferService.scala
2025.07.30 06:45:26 WARN  Could not find semantic tokens for: file:///Users/ayaz/Library/CloudStorage/OneDrive-Personal/Desktop/odmin-projects/scala-coursera/shopping-basket/src/main/scala/com/adthena/basket/service/ProductService.scala
2025.07.30 06:45:32 INFO  compiling root (11 scala sources)
2025.07.30 06:45:32 INFO  time: compiled root in 0.31s
2025.07.30 06:46:29 INFO  compiling root (11 scala sources)
2025.07.30 06:46:29 INFO  time: compiled root in 0.26s
2025.07.30 06:46:35 WARN  Could not find semantic tokens for: file:///Users/ayaz/Library/CloudStorage/OneDrive-Personal/Desktop/odmin-projects/scala-coursera/shopping-basket/src/main/scala/com/adthena/basket/service/PricingService.scala
2025.07.30 06:46:37 INFO  compiling root (11 scala sources)
2025.07.30 06:46:37 INFO  time: compiled root in 0.3s
2025.07.30 06:46:46 WARN  Could not find semantic tokens for: file:///Users/ayaz/Library/CloudStorage/OneDrive-Personal/Desktop/odmin-projects/scala-coursera/shopping-basket/src/main/scala/com/adthena/basket/Main.scala
2025.07.30 06:46:51 INFO  compiling root (11 scala sources)
2025.07.30 06:46:51 INFO  time: compiled root in 0.31s
2025.07.30 06:47:11 WARN  Could not find semantic tokens for: file:///Users/ayaz/Library/CloudStorage/OneDrive-Personal/Desktop/odmin-projects/scala-coursera/shopping-basket/src/main/scala/com/adthena/basket/domain/PricingResult.scala
2025.07.30 06:48:44 INFO  compiling root (10 scala sources)
2025.07.30 06:48:44 INFO  time: compiled root in 0.3s
2025.07.30 06:49:23 INFO  empty definition using pc, found symbol in pc: `<none>`. (full report at: "/Users/ayaz/Library/CloudStorage/OneDrive-Personal/Desktop/odmin-projects/scala-coursera/shopping-basket/.metals/.reports/metals-full/2025-07-30/r_empty-definition_04-22-24-623.md")
2025.07.30 06:49:23 INFO  empty definition using pc, found symbol in pc: `<none>`. (full report at: "/Users/ayaz/Library/CloudStorage/OneDrive-Personal/Desktop/odmin-projects/scala-coursera/shopping-basket/.metals/.reports/metals-full/2025-07-30/r_empty-definition_04-22-24-623.md")
2025.07.30 06:49:25 INFO  compiling root (10 scala sources)
2025.07.30 06:49:25 INFO  time: compiled root in 0.27s
2025.07.30 06:49:33 INFO  empty definition using pc, found symbol in pc: `<none>`. (full report at: "/Users/ayaz/Library/CloudStorage/OneDrive-Personal/Desktop/odmin-projects/scala-coursera/shopping-basket/.metals/.reports/metals-full/2025-07-30/r_empty-definition_04-22-24-623.md")
2025.07.30 06:49:52 INFO  compiling root (10 scala sources)
2025.07.30 06:49:52 INFO  time: compiled root in 0.2s
Jul 30, 2025 8:47:59 AM org.eclipse.lsp4j.jsonrpc.services.GenericEndpoint notify
INFO: Unsupported notification method: $/setTrace
2025.07.30 09:39:55 INFO  compiling root (10 scala sources)
2025.07.30 09:39:55 INFO  time: compiled root in 0.26s
2025.07.30 09:49:26 INFO  no build target found for /Users/ayaz/Library/CloudStorage/OneDrive-Personal/Desktop/odmin-projects/scala-coursera/shopping-basket/project/metals.sbt. Using presentation compiler with project's scala-library version: 3.3.6
2025.07.30 09:49:26 INFO  no build target found for /Users/ayaz/Library/CloudStorage/OneDrive-Personal/Desktop/odmin-projects/scala-coursera/shopping-basket/project/metals.sbt. Using presentation compiler with project's scala-library version: 3.3.6
2025.07.30 09:49:26 WARN  no build target for: /Users/ayaz/Library/CloudStorage/OneDrive-Personal/Desktop/odmin-projects/scala-coursera/shopping-basket/project/metals.sbt
2025.07.30 09:49:26 INFO  no build target found for /Users/ayaz/Library/CloudStorage/OneDrive-Personal/Desktop/odmin-projects/scala-coursera/shopping-basket/project/metals.sbt. Using presentation compiler with project's scala-library version: 3.3.6
2025.07.30 09:49:26 WARN  Could not find semantic tokens for: file:///Users/ayaz/Library/CloudStorage/OneDrive-Personal/Desktop/odmin-projects/scala-coursera/shopping-basket/project/metals.sbt
2025.07.30 09:49:26 INFO  no build target found for /Users/ayaz/Library/CloudStorage/OneDrive-Personal/Desktop/odmin-projects/scala-coursera/shopping-basket/project/metals.sbt. Using presentation compiler with project's scala-library version: 3.3.6
2025.07.30 09:49:26 WARN  Could not find semantic tokens for: file:///Users/ayaz/Library/CloudStorage/OneDrive-Personal/Desktop/odmin-projects/scala-coursera/shopping-basket/project/metals.sbt
2025.07.30 09:49:32 INFO  no build target found for /Users/ayaz/Library/CloudStorage/OneDrive-Personal/Desktop/odmin-projects/scala-coursera/shopping-basket/project/metals.sbt. Using presentation compiler with project's scala-library version: 3.3.6
2025.07.30 09:53:00 INFO  compiling root (10 scala sources)
2025.07.30 09:53:00 WARN  Could not find semantic tokens for: file:///Users/ayaz/Library/CloudStorage/OneDrive-Personal/Desktop/odmin-projects/scala-coursera/shopping-basket/src/test/scala/com/adthena/basket/domain/BasketSpec.scala
2025.07.30 09:53:00 INFO  time: compiled root in 0.24s
2025.07.30 09:53:02 WARN  Could not find semantic tokens for: file:///Users/ayaz/Library/CloudStorage/OneDrive-Personal/Desktop/odmin-projects/scala-coursera/shopping-basket/src/test/scala/com/adthena/basket/service/PricingServiceSpec.scala
Jul 30, 2025 11:10:10 AM org.eclipse.lsp4j.jsonrpc.services.GenericEndpoint notify
INFO: Unsupported notification method: $/setTrace
2025.07.31 00:16:41 INFO  compiling root (10 scala sources)
2025.07.31 00:16:41 INFO  time: compiled root in 0.18s
2025.07.31 00:16:47 INFO  compiling root (10 scala sources)
2025.07.31 00:16:47 INFO  time: compiled root in 0.19s
2025.07.31 00:17:38 INFO  Created report: Optional[file:///Users/ayaz/Library/CloudStorage/OneDrive-Personal/Desktop/odmin-projects/scala-coursera/shopping-basket/src/main/scala/com/adthena/basket/config/ConfigLoader.scala]
2025.07.31 00:17:38 INFO  empty definition using pc, found symbol in pc: `<none>`. (full report at: "/Users/ayaz/Library/CloudStorage/OneDrive-Personal/Desktop/odmin-projects/scala-coursera/shopping-basket/.metals/.reports/metals-full/2025-07-31/r_empty-definition_(root)_00-17-38-457.md")
2025.07.31 00:18:58 WARN  Could not find semantic tokens for: file:///Users/ayaz/Library/CloudStorage/OneDrive-Personal/Desktop/odmin-projects/scala-coursera/shopping-basket/src/main/scala/com/adthena/basket/utils/MoneyUtils.scala
2025.07.31 00:20:18 INFO  compiling root (10 scala sources)
2025.07.31 00:20:18 INFO  time: compiled root in 0.12s
2025.07.31 00:25:13 INFO  compiling root (10 scala sources)
2025.07.31 00:25:14 INFO  time: compiled root in 1.31s
2025.07.31 00:26:17 INFO  running '/Users/ayaz/Library/Application Support/Coursier/bin/sbt -Dbloop.export-jar-classifiers=sources bloopInstall'
2025.07.31 00:26:18 INFO  [info] welcome to sbt 1.11.3 (Homebrew Java 11.0.26)
2025.07.31 00:26:18 INFO  [info] loading settings for project shopping-basket-build-build from metals.sbt...
2025.07.31 00:26:18 INFO  [info] loading project definition from /Users/ayaz/Library/CloudStorage/OneDrive-Personal/Desktop/odmin-projects/scala-coursera/shopping-basket/project/project
2025.07.31 00:26:18 INFO  [info] loading settings for project shopping-basket-build from metals.sbt...
2025.07.31 00:26:18 INFO  [info] loading project definition from /Users/ayaz/Library/CloudStorage/OneDrive-Personal/Desktop/odmin-projects/scala-coursera/shopping-basket/project
2025.07.31 00:26:19 INFO  [success] Generated .bloop/shopping-basket-build.json
2025.07.31 00:26:19 INFO  [success] Total time: 1 s, completed Jul 31, 2025, 12:26:19 AM
2025.07.31 00:26:20 INFO  [info] loading settings for project root from build.sbt...
2025.07.31 00:26:20 INFO  [info] set current project to shopping-basket (in build file:/Users/ayaz/Library/CloudStorage/OneDrive-Personal/Desktop/odmin-projects/scala-coursera/shopping-basket/)
2025.07.31 00:26:24 INFO  [success] Generated .bloop/root.json
2025.07.31 00:26:24 INFO  [success] Generated .bloop/root-test.json
2025.07.31 00:26:24 INFO  [success] Total time: 3 s, completed Jul 31, 2025, 12:26:24 AM
2025.07.31 00:26:24 INFO  time: ran 'sbt bloopInstall' in 6.85s
2025.07.31 00:26:24 INFO  Disconnecting from Bloop session...
2025.07.31 00:26:24 INFO  Shut down connection with build server.
2025.07.31 00:26:24 INFO  Shut down connection with build server.
2025.07.31 00:26:24 INFO  Attempting to connect to the build server...
2025.07.31 00:26:24 INFO  Found a Bloop server running
2025.07.31 00:26:24 INFO  tracing is disabled for protocol BSP, to enable tracing of incoming and outgoing JSON messages create an empty file at /Users/ayaz/Library/CloudStorage/OneDrive-Personal/Desktop/odmin-projects/scala-coursera/shopping-basket/.metals/bsp.trace.json or /Users/ayaz/Library/Caches/org.scalameta.metals/bsp.trace.json
2025.07.31 00:26:24 INFO  Attempting to connect to the build server...
2025.07.31 00:26:24 INFO  Found a Bloop server running
2025.07.31 00:26:24 INFO  tracing is disabled for protocol BSP, to enable tracing of incoming and outgoing JSON messages create an empty file at /Users/ayaz/Library/CloudStorage/OneDrive-Personal/Desktop/odmin-projects/scala-coursera/shopping-basket/project/.metals/bsp.trace.json or /Users/ayaz/Library/Caches/org.scalameta.metals/bsp.trace.json
2025.07.31 00:26:24 INFO  time: Connected to build server in 0.22s
2025.07.31 00:26:24 INFO  Connected to Build server: Bloop v2.0.10
2025.07.31 00:26:24 INFO  time: indexed workspace in 0.61s
2025.07.31 00:27:17 INFO  running '/Users/ayaz/Library/Application Support/Coursier/bin/sbt -Dbloop.export-jar-classifiers=sources bloopInstall'
2025.07.31 00:27:18 INFO  [info] welcome to sbt 1.11.3 (Homebrew Java 11.0.26)
2025.07.31 00:27:18 INFO  [info] loading settings for project shopping-basket-build-build from metals.sbt...
2025.07.31 00:27:18 INFO  [info] loading project definition from /Users/ayaz/Library/CloudStorage/OneDrive-Personal/Desktop/odmin-projects/scala-coursera/shopping-basket/project/project
2025.07.31 00:27:18 INFO  [info] loading settings for project shopping-basket-build from metals.sbt...
2025.07.31 00:27:18 INFO  [info] loading project definition from /Users/ayaz/Library/CloudStorage/OneDrive-Personal/Desktop/odmin-projects/scala-coursera/shopping-basket/project
2025.07.31 00:27:20 INFO  [success] Generated .bloop/shopping-basket-build.json
2025.07.31 00:27:20 INFO  [success] Total time: 1 s, completed Jul 31, 2025, 12:27:20 AM
2025.07.31 00:27:20 INFO  [info] loading settings for project root from build.sbt...
2025.07.31 00:27:20 INFO  [info] set current project to shopping-basket (in build file:/Users/ayaz/Library/CloudStorage/OneDrive-Personal/Desktop/odmin-projects/scala-coursera/shopping-basket/)
2025.07.31 00:27:27 INFO  [success] Generated .bloop/root.json
2025.07.31 00:27:27 INFO  [success] Generated .bloop/root-test.json
2025.07.31 00:27:27 INFO  [success] Total time: 7 s, completed Jul 31, 2025, 12:27:27 AM
2025.07.31 00:27:27 INFO  time: ran 'sbt bloopInstall' in 10s
2025.07.31 00:27:27 INFO  Disconnecting from Bloop session...
2025.07.31 00:27:27 INFO  Shut down connection with build server.
2025.07.31 00:27:27 INFO  Shut down connection with build server.
2025.07.31 00:27:27 INFO  Attempting to connect to the build server...
2025.07.31 00:27:27 INFO  Found a Bloop server running
2025.07.31 00:27:27 INFO  tracing is disabled for protocol BSP, to enable tracing of incoming and outgoing JSON messages create an empty file at /Users/ayaz/Library/CloudStorage/OneDrive-Personal/Desktop/odmin-projects/scala-coursera/shopping-basket/.metals/bsp.trace.json or /Users/ayaz/Library/Caches/org.scalameta.metals/bsp.trace.json
2025.07.31 00:27:27 INFO  Attempting to connect to the build server...
2025.07.31 00:27:27 INFO  Found a Bloop server running
2025.07.31 00:27:27 INFO  tracing is disabled for protocol BSP, to enable tracing of incoming and outgoing JSON messages create an empty file at /Users/ayaz/Library/CloudStorage/OneDrive-Personal/Desktop/odmin-projects/scala-coursera/shopping-basket/project/.metals/bsp.trace.json or /Users/ayaz/Library/Caches/org.scalameta.metals/bsp.trace.json
2025.07.31 00:27:27 INFO  time: Connected to build server in 0.22s
2025.07.31 00:27:27 INFO  Connected to Build server: Bloop v2.0.10
2025.07.31 00:27:27 INFO  time: indexed workspace in 0.74s
2025.07.31 00:31:27 INFO  compiling root (10 scala sources)
2025.07.31 00:31:27 WARN  Could not find semantic tokens for: file:///Users/ayaz/Library/CloudStorage/OneDrive-Personal/Desktop/odmin-projects/scala-coursera/shopping-basket/src/test/scala/com/adthena/basket/domain/BasketSpec.scala
exception caught when loading class module-info: java.lang.AssertionError: assertion failed: attempt to parse java.lang.Object from classfile
2025.07.31 00:31:30 INFO  compiling root-test (2 scala sources)
2025.07.31 00:31:30 INFO  time: compiled root in 2.32s
2025.07.31 00:31:30 INFO  time: compiled root-test in 50ms
exception caught when loading class module-info: java.lang.AssertionError: assertion failed: attempt to parse java.lang.Object from classfile
2025.07.31 00:47:47 WARN  Could not find semantic tokens for: file:///Users/ayaz/Library/CloudStorage/OneDrive-Personal/Desktop/odmin-projects/scala-coursera/shopping-basket/src/test/scala/com/adthena/basket/service/PricingServiceSpec.scala
2025.07.31 00:47:51 INFO  compiling root-test (1 scala source)
2025.07.31 00:47:51 INFO  time: compiled root-test in 0.96s
2025.07.31 00:48:23 INFO  compiling root-test (1 scala source)
2025.07.31 00:48:23 INFO  time: compiled root-test in 0.39s
exception caught when loading class module-info: java.lang.AssertionError: assertion failed: attempt to parse java.lang.Object from classfile
2025.07.31 00:48:46 WARN  Could not find semantic tokens for: file:///Users/ayaz/Library/CloudStorage/OneDrive-Personal/Desktop/odmin-projects/scala-coursera/shopping-basket/src/test/scala/com/adthena/basket/domain/OfferSpec.scala
2025.07.31 00:49:20 INFO  compiling root-test (1 scala source)
2025.07.31 00:49:20 INFO  time: compiled root-test in 0.45s
2025.07.31 00:49:57 INFO  compiling root-test (1 scala source)
exception caught when loading class module-info: java.lang.AssertionError: assertion failed: attempt to parse java.lang.Object from classfile
2025.07.31 00:49:57 WARN  Could not find semantic tokens for: file:///Users/ayaz/Library/CloudStorage/OneDrive-Personal/Desktop/odmin-projects/scala-coursera/shopping-basket/src/test/scala/com/adthena/basket/utils/MoneyUtilsSpec.scala
2025.07.31 00:49:57 INFO  time: compiled root-test in 31ms
2025.07.31 00:50:09 INFO  compiling root-test (1 scala source)
2025.07.31 00:50:09 INFO  time: compiled root-test in 0.28s
2025.07.31 00:50:24 INFO  compiling root-test (1 scala source)
exception caught when loading class module-info: java.lang.AssertionError: assertion failed: attempt to parse java.lang.Object from classfile
2025.07.31 00:50:24 WARN  Could not find semantic tokens for: file:///Users/ayaz/Library/CloudStorage/OneDrive-Personal/Desktop/odmin-projects/scala-coursera/shopping-basket/src/test/scala/com/adthena/basket/service/ProductServiceSpec.scala
2025.07.31 00:50:24 INFO  time: compiled root-test in 33ms
2025.07.31 00:50:38 INFO  compiling root-test (1 scala source)
2025.07.31 00:50:38 INFO  time: compiled root-test in 0.29s
2025.07.31 00:50:50 INFO  compiling root-test (1 scala source)
exception caught when loading class module-info: java.lang.AssertionError: assertion failed: attempt to parse java.lang.Object from classfile
2025.07.31 00:50:50 WARN  Could not find semantic tokens for: file:///Users/ayaz/Library/CloudStorage/OneDrive-Personal/Desktop/odmin-projects/scala-coursera/shopping-basket/src/test/scala/com/adthena/basket/service/OfferServiceSpec.scala
2025.07.31 00:50:50 INFO  time: compiled root-test in 31ms
2025.07.31 00:51:06 INFO  compiling root-test (1 scala source)
2025.07.31 00:51:06 INFO  time: compiled root-test in 0.27s
2025.07.31 00:52:05 INFO  tracing is disabled for protocol dap-server, to enable tracing of incoming and outgoing JSON messages create an empty file at /Users/ayaz/Library/CloudStorage/OneDrive-Personal/Desktop/odmin-projects/scala-coursera/shopping-basket/.metals/dap-server.trace.json or /Users/ayaz/Library/Caches/org.scalameta.metals/dap-server.trace.json
2025.07.31 00:52:05 INFO  tracing is disabled for protocol dap-client, to enable tracing of incoming and outgoing JSON messages create an empty file at /Users/ayaz/Library/CloudStorage/OneDrive-Personal/Desktop/odmin-projects/scala-coursera/shopping-basket/.metals/dap-client.trace.json or /Users/ayaz/Library/Caches/org.scalameta.metals/dap-client.trace.json
2025.07.31 00:52:05 INFO  Starting debug proxy for [com.adthena.basket.service.OfferServiceSpec(OfferService should apply only offers that meet conditions)]
2025.07.31 00:52:05 INFO  Initialized Scala 3 decoder in 2 milliseconds
2025.07.31 00:52:05 INFO  Trying to attach to remote debuggee VM localhost:57836 .
2025.07.31 00:52:05 INFO  Attaching to debuggee VM succeeded.
2025.07.31 00:52:06 INFO  Canceling debug proxy for [com.adthena.basket.service.OfferServiceSpec(OfferService should apply only offers that meet conditions)]
2025.07.31 00:52:05 INFO  Closing debug server tcp://0.0.0.0:57832
2025.07.31 00:52:16 INFO  tracing is disabled for protocol dap-server, to enable tracing of incoming and outgoing JSON messages create an empty file at /Users/ayaz/Library/CloudStorage/OneDrive-Personal/Desktop/odmin-projects/scala-coursera/shopping-basket/.metals/dap-server.trace.json or /Users/ayaz/Library/Caches/org.scalameta.metals/dap-server.trace.json
2025.07.31 00:52:16 INFO  tracing is disabled for protocol dap-client, to enable tracing of incoming and outgoing JSON messages create an empty file at /Users/ayaz/Library/CloudStorage/OneDrive-Personal/Desktop/odmin-projects/scala-coursera/shopping-basket/.metals/dap-client.trace.json or /Users/ayaz/Library/Caches/org.scalameta.metals/dap-client.trace.json
2025.07.31 00:52:16 INFO  Starting debug proxy for [com.adthena.basket.service.OfferServiceSpec(OfferService should handle duplicate offers correctly)]
2025.07.31 00:52:16 INFO  Initialized Scala 3 decoder in 0 milliseconds
2025.07.31 00:52:16 INFO  Trying to attach to remote debuggee VM localhost:57846 .
2025.07.31 00:52:16 INFO  Attaching to debuggee VM succeeded.
2025.07.31 00:52:16 INFO  Canceling debug proxy for [com.adthena.basket.service.OfferServiceSpec(OfferService should handle duplicate offers correctly)]
2025.07.31 00:52:16 INFO  Closing debug server tcp://0.0.0.0:57842
2025.07.31 00:52:30 INFO  tracing is disabled for protocol dap-server, to enable tracing of incoming and outgoing JSON messages create an empty file at /Users/ayaz/Library/CloudStorage/OneDrive-Personal/Desktop/odmin-projects/scala-coursera/shopping-basket/.metals/dap-server.trace.json or /Users/ayaz/Library/Caches/org.scalameta.metals/dap-server.trace.json
2025.07.31 00:52:30 INFO  tracing is disabled for protocol dap-client, to enable tracing of incoming and outgoing JSON messages create an empty file at /Users/ayaz/Library/CloudStorage/OneDrive-Personal/Desktop/odmin-projects/scala-coursera/shopping-basket/.metals/dap-client.trace.json or /Users/ayaz/Library/Caches/org.scalameta.metals/dap-client.trace.json
2025.07.31 00:52:30 INFO  Starting debug proxy for [com.adthena.basket.service.OfferServiceSpec(OfferService should handle offers that don't apply due to insufficient quantities)]
2025.07.31 00:52:30 INFO  Initialized Scala 3 decoder in 0 milliseconds
2025.07.31 00:52:30 INFO  Trying to attach to remote debuggee VM localhost:57857 .
2025.07.31 00:52:30 INFO  Attaching to debuggee VM succeeded.
2025.07.31 00:52:31 INFO  Canceling debug proxy for [com.adthena.basket.service.OfferServiceSpec(OfferService should handle offers that don't apply due to insufficient quantities)]
2025.07.31 00:52:30 INFO  Closing debug server tcp://0.0.0.0:57853
2025.07.31 00:52:54 INFO  tracing is disabled for protocol dap-server, to enable tracing of incoming and outgoing JSON messages create an empty file at /Users/ayaz/Library/CloudStorage/OneDrive-Personal/Desktop/odmin-projects/scala-coursera/shopping-basket/.metals/dap-server.trace.json or /Users/ayaz/Library/Caches/org.scalameta.metals/dap-server.trace.json
2025.07.31 00:52:54 INFO  tracing is disabled for protocol dap-client, to enable tracing of incoming and outgoing JSON messages create an empty file at /Users/ayaz/Library/CloudStorage/OneDrive-Personal/Desktop/odmin-projects/scala-coursera/shopping-basket/.metals/dap-client.trace.json or /Users/ayaz/Library/Caches/org.scalameta.metals/dap-client.trace.json
2025.07.31 00:52:54 INFO  Starting debug proxy for [com.adthena.basket.service.OfferServiceSpec()]
2025.07.31 00:52:54 INFO  Initialized Scala 3 decoder in 0 milliseconds
2025.07.31 00:52:54 INFO  Trying to attach to remote debuggee VM localhost:57868 .
2025.07.31 00:52:54 INFO  Attaching to debuggee VM succeeded.
2025.07.31 00:52:55 INFO  Canceling debug proxy for [com.adthena.basket.service.OfferServiceSpec()]
2025.07.31 00:52:54 INFO  Closing debug server tcp://0.0.0.0:57864
2025.07.31 00:53:00 INFO  tracing is disabled for protocol dap-server, to enable tracing of incoming and outgoing JSON messages create an empty file at /Users/ayaz/Library/CloudStorage/OneDrive-Personal/Desktop/odmin-projects/scala-coursera/shopping-basket/.metals/dap-server.trace.json or /Users/ayaz/Library/Caches/org.scalameta.metals/dap-server.trace.json
2025.07.31 00:53:00 INFO  tracing is disabled for protocol dap-client, to enable tracing of incoming and outgoing JSON messages create an empty file at /Users/ayaz/Library/CloudStorage/OneDrive-Personal/Desktop/odmin-projects/scala-coursera/shopping-basket/.metals/dap-client.trace.json or /Users/ayaz/Library/Caches/org.scalameta.metals/dap-client.trace.json
2025.07.31 00:53:00 INFO  Starting debug proxy for [com.adthena.basket.service.OfferServiceSpec(OfferService should apply single applicable offer)]
2025.07.31 00:53:00 INFO  Initialized Scala 3 decoder in 0 milliseconds
2025.07.31 00:53:00 INFO  Trying to attach to remote debuggee VM localhost:57878 .
2025.07.31 00:53:00 INFO  Attaching to debuggee VM succeeded.
2025.07.31 00:53:01 INFO  Canceling debug proxy for [com.adthena.basket.service.OfferServiceSpec(OfferService should apply single applicable offer)]
2025.07.31 00:53:00 INFO  Closing debug server tcp://0.0.0.0:57874
2025.07.31 00:53:17 INFO  tracing is disabled for protocol dap-server, to enable tracing of incoming and outgoing JSON messages create an empty file at /Users/ayaz/Library/CloudStorage/OneDrive-Personal/Desktop/odmin-projects/scala-coursera/shopping-basket/.metals/dap-server.trace.json or /Users/ayaz/Library/Caches/org.scalameta.metals/dap-server.trace.json
2025.07.31 00:53:17 INFO  tracing is disabled for protocol dap-client, to enable tracing of incoming and outgoing JSON messages create an empty file at /Users/ayaz/Library/CloudStorage/OneDrive-Personal/Desktop/odmin-projects/scala-coursera/shopping-basket/.metals/dap-client.trace.json or /Users/ayaz/Library/Caches/org.scalameta.metals/dap-client.trace.json
2025.07.31 00:53:17 INFO  Starting debug proxy for [com.adthena.basket.service.OfferServiceSpec(OfferService should apply only offers that meet conditions)]
2025.07.31 00:53:17 INFO  Initialized Scala 3 decoder in 1 millisecond
2025.07.31 00:53:17 INFO  Trying to attach to remote debuggee VM localhost:57888 .
2025.07.31 00:53:17 INFO  Attaching to debuggee VM succeeded.
2025.07.31 00:53:18 INFO  Canceling debug proxy for [com.adthena.basket.service.OfferServiceSpec(OfferService should apply only offers that meet conditions)]
2025.07.31 00:53:17 INFO  Closing debug server tcp://0.0.0.0:57884
2025.07.31 00:53:40 INFO  tracing is disabled for protocol dap-server, to enable tracing of incoming and outgoing JSON messages create an empty file at /Users/ayaz/Library/CloudStorage/OneDrive-Personal/Desktop/odmin-projects/scala-coursera/shopping-basket/.metals/dap-server.trace.json or /Users/ayaz/Library/Caches/org.scalameta.metals/dap-server.trace.json
2025.07.31 00:53:40 INFO  tracing is disabled for protocol dap-client, to enable tracing of incoming and outgoing JSON messages create an empty file at /Users/ayaz/Library/CloudStorage/OneDrive-Personal/Desktop/odmin-projects/scala-coursera/shopping-basket/.metals/dap-client.trace.json or /Users/ayaz/Library/Caches/org.scalameta.metals/dap-client.trace.json
2025.07.31 00:53:40 INFO  Starting debug proxy for [com.adthena.basket.service.OfferServiceSpec(OfferService should handle duplicate offers correctly)]
2025.07.31 00:53:40 INFO  Initialized Scala 3 decoder in 0 milliseconds
2025.07.31 00:53:40 INFO  Trying to attach to remote debuggee VM localhost:57899 .
2025.07.31 00:53:40 INFO  Attaching to debuggee VM succeeded.
2025.07.31 00:53:40 INFO  Canceling debug proxy for [com.adthena.basket.service.OfferServiceSpec(OfferService should handle duplicate offers correctly)]
2025.07.31 00:53:40 INFO  Closing debug server tcp://0.0.0.0:57896
2025.07.31 00:54:03 INFO  tracing is disabled for protocol dap-server, to enable tracing of incoming and outgoing JSON messages create an empty file at /Users/ayaz/Library/CloudStorage/OneDrive-Personal/Desktop/odmin-projects/scala-coursera/shopping-basket/.metals/dap-server.trace.json or /Users/ayaz/Library/Caches/org.scalameta.metals/dap-server.trace.json
2025.07.31 00:54:03 INFO  tracing is disabled for protocol dap-client, to enable tracing of incoming and outgoing JSON messages create an empty file at /Users/ayaz/Library/CloudStorage/OneDrive-Personal/Desktop/odmin-projects/scala-coursera/shopping-basket/.metals/dap-client.trace.json or /Users/ayaz/Library/Caches/org.scalameta.metals/dap-client.trace.json
2025.07.31 00:54:03 INFO  Starting debug proxy for [com.adthena.basket.service.PricingServiceSpec(PricingService should handle maximum soup bread combinations correctly)]
2025.07.31 00:54:03 INFO  Initialized Scala 3 decoder in 0 milliseconds
2025.07.31 00:54:03 INFO  Trying to attach to remote debuggee VM localhost:57912 .
2025.07.31 00:54:03 INFO  Attaching to debuggee VM succeeded.
2025.07.31 00:54:03 INFO  Canceling debug proxy for [com.adthena.basket.service.PricingServiceSpec(PricingService should handle maximum soup bread combinations correctly)]
2025.07.31 00:54:03 INFO  Closing debug server tcp://0.0.0.0:57908
2025.07.31 00:54:09 INFO  tracing is disabled for protocol dap-server, to enable tracing of incoming and outgoing JSON messages create an empty file at /Users/ayaz/Library/CloudStorage/OneDrive-Personal/Desktop/odmin-projects/scala-coursera/shopping-basket/.metals/dap-server.trace.json or /Users/ayaz/Library/Caches/org.scalameta.metals/dap-server.trace.json
2025.07.31 00:54:09 INFO  tracing is disabled for protocol dap-client, to enable tracing of incoming and outgoing JSON messages create an empty file at /Users/ayaz/Library/CloudStorage/OneDrive-Personal/Desktop/odmin-projects/scala-coursera/shopping-basket/.metals/dap-client.trace.json or /Users/ayaz/Library/Caches/org.scalameta.metals/dap-client.trace.json
2025.07.31 00:54:09 INFO  Starting debug proxy for [com.adthena.basket.service.PricingServiceSpec(PricingService should format output correctly when no offers available)]
2025.07.31 00:54:09 INFO  Initialized Scala 3 decoder in 0 milliseconds
2025.07.31 00:54:09 INFO  Trying to attach to remote debuggee VM localhost:57923 .
2025.07.31 00:54:09 INFO  Attaching to debuggee VM succeeded.
2025.07.31 00:54:10 INFO  Canceling debug proxy for [com.adthena.basket.service.PricingServiceSpec(PricingService should format output correctly when no offers available)]
2025.07.31 00:54:09 INFO  Closing debug server tcp://0.0.0.0:57919
exception caught when loading class module-info: java.lang.AssertionError: assertion failed: attempt to parse java.lang.Object from classfile
2025.07.31 00:54:51 INFO  compiling root (1 scala source)
2025.07.31 00:54:51 INFO  time: compiled root in 0.11s
exception caught when loading class module-info: java.lang.AssertionError: assertion failed: attempt to parse java.lang.Object from classfile
2025.07.31 01:02:15 INFO  compiling root (1 scala source)
2025.07.31 01:02:15 INFO  time: compiled root in 0.1s
exception caught when loading class module-info: java.lang.AssertionError: assertion failed: attempt to parse java.lang.Object from classfile
2025.07.31 01:02:35 INFO  compiling root (1 scala source)
2025.07.31 01:02:35 INFO  time: compiled root in 0.13s
exception caught when loading class module-info: java.lang.AssertionError: assertion failed: attempt to parse java.lang.Object from classfile
